Determining if the Q_WS_WIN exist failed with the following output:
Change Dir: /home/michal/TAPAS/build/CMakeFiles/CMakeTmp

Run Build Command:/usr/bin/make "cmTryCompileExec3294764059/fast"
/usr/bin/make -f CMakeFiles/cmTryCompileExec3294764059.dir/build.make CMakeFiles/cmTryCompileExec3294764059.dir/build
make[1]: Wejście do katalogu `/home/michal/TAPAS/build/CMakeFiles/CMakeTmp'
/usr/bin/cmake -E cmake_progress_report /home/michal/TAPAS/build/CMakeFiles/CMakeTmp/CMakeFiles 1
Building CXX object CMakeFiles/cmTryCompileExec3294764059.dir/CheckSymbolExists.cxx.o
/usr/bin/c++    -std=c++0x -DUSE_USB_CONNECTION  -I/usr/include/qt4    -o CMakeFiles/cmTryCompileExec3294764059.dir/CheckSymbolExists.cxx.o -c /home/michal/TAPAS/build/CMakeFiles/CMakeTmp/CheckSymbolExists.cxx
/home/michal/TAPAS/build/CMakeFiles/CMakeTmp/CheckSymbolExists.cxx: In function ‘int main(int, char**)’:
/home/michal/TAPAS/build/CMakeFiles/CMakeTmp/CheckSymbolExists.cxx:8:19: error: ‘Q_WS_WIN’ was not declared in this scope
   return ((int*)(&Q_WS_WIN))[argc];
                   ^
make[1]: Opuszczenie katalogu `/home/michal/TAPAS/build/CMakeFiles/CMakeTmp'
make[1]: *** [CMakeFiles/cmTryCompileExec3294764059.dir/CheckSymbolExists.cxx.o] Błąd 1
make: *** [cmTryCompileExec3294764059/fast] Błąd 2

File /home/michal/TAPAS/build/CMakeFiles/CMakeTmp/CheckSymbolExists.cxx:
/* */
#include <QtCore/qglobal.h>

int main(int argc, char** argv)
{
  (void)argv;
#ifndef Q_WS_WIN
  return ((int*)(&Q_WS_WIN))[argc];
#else
  (void)argc;
  return 0;
#endif
}

Determining if the Q_WS_QWS exist failed with the following output:
Change Dir: /home/michal/TAPAS/build/CMakeFiles/CMakeTmp

Run Build Command:/usr/bin/make "cmTryCompileExec2769939309/fast"
/usr/bin/make -f CMakeFiles/cmTryCompileExec2769939309.dir/build.make CMakeFiles/cmTryCompileExec2769939309.dir/build
make[1]: Wejście do katalogu `/home/michal/TAPAS/build/CMakeFiles/CMakeTmp'
/usr/bin/cmake -E cmake_progress_report /home/michal/TAPAS/build/CMakeFiles/CMakeTmp/CMakeFiles 1
Building CXX object CMakeFiles/cmTryCompileExec2769939309.dir/CheckSymbolExists.cxx.o
/usr/bin/c++    -std=c++0x -DUSE_USB_CONNECTION  -I/usr/include/qt4    -o CMakeFiles/cmTryCompileExec2769939309.dir/CheckSymbolExists.cxx.o -c /home/michal/TAPAS/build/CMakeFiles/CMakeTmp/CheckSymbolExists.cxx
/home/michal/TAPAS/build/CMakeFiles/CMakeTmp/CheckSymbolExists.cxx: In function ‘int main(int, char**)’:
/home/michal/TAPAS/build/CMakeFiles/CMakeTmp/CheckSymbolExists.cxx:8:19: error: ‘Q_WS_QWS’ was not declared in this scope
   return ((int*)(&Q_WS_QWS))[argc];
                   ^
make[1]: Opuszczenie katalogu `/home/michal/TAPAS/build/CMakeFiles/CMakeTmp'
make[1]: *** [CMakeFiles/cmTryCompileExec2769939309.dir/CheckSymbolExists.cxx.o] Błąd 1
make: *** [cmTryCompileExec2769939309/fast] Błąd 2

File /home/michal/TAPAS/build/CMakeFiles/CMakeTmp/CheckSymbolExists.cxx:
/* */
#include <QtCore/qglobal.h>

int main(int argc, char** argv)
{
  (void)argv;
#ifndef Q_WS_QWS
  return ((int*)(&Q_WS_QWS))[argc];
#else
  (void)argc;
  return 0;
#endif
}

Determining if the Q_WS_MAC exist failed with the following output:
Change Dir: /home/michal/TAPAS/build/CMakeFiles/CMakeTmp

Run Build Command:/usr/bin/make "cmTryCompileExec3526488850/fast"
/usr/bin/make -f CMakeFiles/cmTryCompileExec3526488850.dir/build.make CMakeFiles/cmTryCompileExec3526488850.dir/build
make[1]: Wejście do katalogu `/home/michal/TAPAS/build/CMakeFiles/CMakeTmp'
/usr/bin/cmake -E cmake_progress_report /home/michal/TAPAS/build/CMakeFiles/CMakeTmp/CMakeFiles 1
Building CXX object CMakeFiles/cmTryCompileExec3526488850.dir/CheckSymbolExists.cxx.o
/usr/bin/c++    -std=c++0x -DUSE_USB_CONNECTION  -I/usr/include/qt4    -o CMakeFiles/cmTryCompileExec3526488850.dir/CheckSymbolExists.cxx.o -c /home/michal/TAPAS/build/CMakeFiles/CMakeTmp/CheckSymbolExists.cxx
/home/michal/TAPAS/build/CMakeFiles/CMakeTmp/CheckSymbolExists.cxx: In function ‘int main(int, char**)’:
/home/michal/TAPAS/build/CMakeFiles/CMakeTmp/CheckSymbolExists.cxx:8:19: error: ‘Q_WS_MAC’ was not declared in this scope
   return ((int*)(&Q_WS_MAC))[argc];
                   ^
make[1]: Opuszczenie katalogu `/home/michal/TAPAS/build/CMakeFiles/CMakeTmp'
make[1]: *** [CMakeFiles/cmTryCompileExec3526488850.dir/CheckSymbolExists.cxx.o] Błąd 1
make: *** [cmTryCompileExec3526488850/fast] Błąd 2

File /home/michal/TAPAS/build/CMakeFiles/CMakeTmp/CheckSymbolExists.cxx:
/* */
#include <QtCore/qglobal.h>

int main(int argc, char** argv)
{
  (void)argv;
#ifndef Q_WS_MAC
  return ((int*)(&Q_WS_MAC))[argc];
#else
  (void)argc;
  return 0;
#endif
}

